18:34:10.986 [cluster-ClusterId{value='68ef9bad2d47ef72682d32ff', description='Cluster0'}-ac-pz97bnf-shard-00-01.amvzdxx.mongodb.net:27017] INFO  org.mongodb.driver.cluster - Exception in monitor thread while connecting to server ac-pz97bnf-shard-00-01.amvzdxx.mongodb.net:27017
com.mongodb.MongoSocketReadTimeoutException: Timeout while receiving message
	at com.mongodb.internal.connection.InternalStreamConnection.createReadTimeoutException(InternalStreamConnection.java:819)
	at com.mongodb.internal.connection.InternalStreamConnection.translateReadException(InternalStreamConnection.java:807)
	at com.mongodb.internal.connection.InternalStreamConnection.receiveResponseBuffers(InternalStreamConnection.java:857)
	at com.mongodb.internal.connection.InternalStreamConnection.receiveCommandMessageResponse(InternalStreamConnection.java:517)
	at com.mongodb.internal.connection.InternalStreamConnection.sendAndReceiveInternal(InternalStreamConnection.java:448)
	at com.mongodb.internal.connection.InternalStreamConnection.lambda$sendAndReceive$0(InternalStreamConnection.java:375)
	at com.mongodb.internal.connection.InternalStreamConnection.sendAndReceive(InternalStreamConnection.java:378)
	at com.mongodb.internal.connection.CommandHelper.sendAndReceive(CommandHelper.java:100)
	at com.mongodb.internal.connection.CommandHelper.executeCommand(CommandHelper.java:49)
	at com.mongodb.internal.connection.InternalStreamConnectionInitializer.initializeConnectionDescription(InternalStreamConnectionInitializer.java:144)
	at com.mongodb.internal.connection.InternalStreamConnectionInitializer.startHandshake(InternalStreamConnectionInitializer.java:79)
	at com.mongodb.internal.connection.InternalStreamConnection.open(InternalStreamConnection.java:235)
	at com.mongodb.internal.connection.DefaultServerMonitor$ServerMonitor.lookupServerDescription(DefaultServerMonitor.java:219)
	at com.mongodb.internal.connection.DefaultServerMonitor$ServerMonitor.run(DefaultServerMonitor.java:176)
Caused by: java.net.SocketTimeoutException: Read timed out
	at java.base/sun.nio.ch.NioSocketImpl.timedRead(NioSocketImpl.java:288)
	at java.base/sun.nio.ch.NioSocketImpl.implRead(NioSocketImpl.java:314)
	at java.base/sun.nio.ch.NioSocketImpl.read(NioSocketImpl.java:355)
	at java.base/sun.nio.ch.NioSocketImpl$1.read(NioSocketImpl.java:808)
	at java.base/java.net.Socket$SocketInputStream.read(Socket.java:966)
	at java.base/sun.security.ssl.SSLSocketInputRecord.read(SSLSocketInputRecord.java:484)
	at java.base/sun.security.ssl.SSLSocketInputRecord.readHeader(SSLSocketInputRecord.java:478)
	at java.base/sun.security.ssl.SSLSocketInputRecord.bytesInCompletePacket(SSLSocketInputRecord.java:70)
	at java.base/sun.security.ssl.SSLSocketImpl.readApplicationRecord(SSLSocketImpl.java:1465)
	at java.base/sun.security.ssl.SSLSocketImpl$AppInputStream.read(SSLSocketImpl.java:1069)
	at com.mongodb.internal.connection.SocketStream.read(SocketStream.java:182)
	at com.mongodb.internal.connection.InternalStreamConnection.receiveResponseBuffers(InternalStreamConnection.java:824)
	... 11 common frames omitted
18:34:23.424 [http-nio-8081-exec-1] INFO  o.a.c.c.C.[.[localhost].[/journal] - Initializing Spring DispatcherServlet 'dispatcherServlet'
18:34:23.425 [http-nio-8081-exec-1] INFO  o.s.web.servlet.DispatcherServlet - Initializing Servlet 'dispatcherServlet'
18:34:23.427 [http-nio-8081-exec-1] INFO  o.s.web.servlet.DispatcherServlet - Completed initialization in 2 ms
18:34:24.299 [http-nio-8081-exec-1] INFO  c.s.j.controller.PublicController - INFO
18:34:24.299 [http-nio-8081-exec-1] WARN  c.s.j.controller.PublicController - WARN
18:34:24.299 [http-nio-8081-exec-1] ERROR c.s.j.controller.PublicController - ERROR
18:34:28.635 [cluster-ClusterId{value='68ef9bad2d47ef72682d32ff', description='Cluster0'}-ac-pz97bnf-shard-00-01.amvzdxx.mongodb.net:27017] INFO  org.mongodb.driver.cluster - Monitor thread successfully connected to server with description ServerDescription{address=ac-pz97bnf-shard-00-01.amvzdxx.mongodb.net:27017, type=REPLICA_SET_SECONDARY, cryptd=false, state=CONNECTED, ok=true, minWireVersion=0, maxWireVersion=25, maxDocumentSize=16777216, logicalSessionTimeoutMinutes=30, roundTripTimeNanos=7573443700, minRoundTripTimeNanos=0, setName='atlas-owliu6-shard-0', canonicalAddress=ac-pz97bnf-shard-00-01.amvzdxx.mongodb.net:27017, hosts=[ac-pz97bnf-shard-00-01.amvzdxx.mongodb.net:27017, ac-pz97bnf-shard-00-02.amvzdxx.mongodb.net:27017, ac-pz97bnf-shard-00-00.amvzdxx.mongodb.net:27017], passives=[], arbiters=[], primary='ac-pz97bnf-shard-00-02.amvzdxx.mongodb.net:27017', tagSet=TagSet{[Tag{name='availabilityZone', value='aps1-az3'}, Tag{name='diskState', value='READY'}, Tag{name='nodeType', value='ELECTABLE'}, Tag{name='provider', value='AWS'}, Tag{name='region', value='AP_SOUTH_1'}, Tag{name='workloadType', value='OPERATIONAL'}]}, electionId=null, setVersion=1, topologyVersion=TopologyVersion{processId=68ef9bc7bfdde3174cb9c5bc, counter=3}, lastWriteDate=Wed Oct 15 18:34:05 IST 2025, lastUpdateTimeNanos=1314193651390200}
18:34:48.884 [cluster-ClusterId{value='68ef9bad2d47ef72682d32ff', description='Cluster0'}-ac-pz97bnf-shard-00-02.amvzdxx.mongodb.net:27017] INFO  org.mongodb.driver.cluster - Monitor thread successfully connected to server with description ServerDescription{address=ac-pz97bnf-shard-00-02.amvzdxx.mongodb.net:27017, type=REPLICA_SET_OTHER, cryptd=false, state=CONNECTED, ok=true, minWireVersion=0, maxWireVersion=25, maxDocumentSize=16777216, logicalSessionTimeoutMinutes=30, roundTripTimeNanos=161764381, minRoundTripTimeNanos=55176400, setName='atlas-owliu6-shard-0', canonicalAddress=ac-pz97bnf-shard-00-02.amvzdxx.mongodb.net:27017, hosts=[ac-pz97bnf-shard-00-01.amvzdxx.mongodb.net:27017, ac-pz97bnf-shard-00-02.amvzdxx.mongodb.net:27017, ac-pz97bnf-shard-00-00.amvzdxx.mongodb.net:27017], passives=[], arbiters=[], primary='ac-pz97bnf-shard-00-02.amvzdxx.mongodb.net:27017', tagSet=TagSet{[Tag{name='availabilityZone', value='aps1-az2'}, Tag{name='diskState', value='READY'}, Tag{name='nodeType', value='ELECTABLE'}, Tag{name='provider', value='AWS'}, Tag{name='region', value='AP_SOUTH_1'}, Tag{name='workloadType', value='OPERATIONAL'}]}, electionId=7fffffff0000000000000025, setVersion=1, topologyVersion=TopologyVersion{processId=68e516b918d00a463ec4da1e, counter=7}, lastWriteDate=Wed Oct 15 18:34:47 IST 2025, lastUpdateTimeNanos=1314213901317300}
18:34:48.887 [cluster-ClusterId{value='68ef9bad2d47ef72682d32ff', description='Cluster0'}-ac-pz97bnf-shard-00-02.amvzdxx.mongodb.net:27017] INFO  org.mongodb.driver.cluster - Monitor thread successfully connected to server with description ServerDescription{address=ac-pz97bnf-shard-00-02.amvzdxx.mongodb.net:27017, type=REPLICA_SET_SECONDARY, cryptd=false, state=CONNECTED, ok=true, minWireVersion=0, maxWireVersion=25, maxDocumentSize=16777216, logicalSessionTimeoutMinutes=30, roundTripTimeNanos=161764381, minRoundTripTimeNanos=55176400, setName='atlas-owliu6-shard-0', canonicalAddress=ac-pz97bnf-shard-00-02.amvzdxx.mongodb.net:27017, hosts=[ac-pz97bnf-shard-00-01.amvzdxx.mongodb.net:27017, ac-pz97bnf-shard-00-02.amvzdxx.mongodb.net:27017, ac-pz97bnf-shard-00-00.amvzdxx.mongodb.net:27017], passives=[], arbiters=[], primary='null', tagSet=TagSet{[Tag{name='availabilityZone', value='aps1-az2'}, Tag{name='diskState', value='READY'}, Tag{name='nodeType', value='ELECTABLE'}, Tag{name='provider', value='AWS'}, Tag{name='region', value='AP_SOUTH_1'}, Tag{name='workloadType', value='OPERATIONAL'}]}, electionId=null, setVersion=1, topologyVersion=TopologyVersion{processId=68e516b918d00a463ec4da1e, counter=8}, lastWriteDate=Wed Oct 15 18:34:47 IST 2025, lastUpdateTimeNanos=1314213904139100}
18:34:48.892 [cluster-ClusterId{value='68ef9bad2d47ef72682d32ff', description='Cluster0'}-ac-pz97bnf-shard-00-01.amvzdxx.mongodb.net:27017] INFO  org.mongodb.driver.cluster - Monitor thread successfully connected to server with description ServerDescription{address=ac-pz97bnf-shard-00-01.amvzdxx.mongodb.net:27017, type=REPLICA_SET_SECONDARY, cryptd=false, state=CONNECTED, ok=true, minWireVersion=0, maxWireVersion=25, maxDocumentSize=16777216, logicalSessionTimeoutMinutes=30, roundTripTimeNanos=5017828208, minRoundTripTimeNanos=59739200, setName='atlas-owliu6-shard-0', canonicalAddress=ac-pz97bnf-shard-00-01.amvzdxx.mongodb.net:27017, hosts=[ac-pz97bnf-shard-00-01.amvzdxx.mongodb.net:27017, ac-pz97bnf-shard-00-02.amvzdxx.mongodb.net:27017, ac-pz97bnf-shard-00-00.amvzdxx.mongodb.net:27017], passives=[], arbiters=[], primary='ac-pz97bnf-shard-00-01.amvzdxx.mongodb.net:27017', tagSet=TagSet{[Tag{name='availabilityZone', value='aps1-az3'}, Tag{name='diskState', value='READY'}, Tag{name='nodeType', value='ELECTABLE'}, Tag{name='provider', value='AWS'}, Tag{name='region', value='AP_SOUTH_1'}, Tag{name='workloadType', value='OPERATIONAL'}]}, electionId=7fffffff0000000000000026, setVersion=1, topologyVersion=TopologyVersion{processId=68ef9bc7bfdde3174cb9c5bc, counter=4}, lastWriteDate=Wed Oct 15 18:34:47 IST 2025, lastUpdateTimeNanos=1314213909072800}
18:34:48.937 [cluster-ClusterId{value='68ef9bad2d47ef72682d32ff', description='Cluster0'}-ac-pz97bnf-shard-00-00.amvzdxx.mongodb.net:27017] INFO  org.mongodb.driver.cluster - Monitor thread successfully connected to server with description ServerDescription{address=ac-pz97bnf-shard-00-00.amvzdxx.mongodb.net:27017, type=REPLICA_SET_SECONDARY, cryptd=false, state=CONNECTED, ok=true, minWireVersion=0, maxWireVersion=25, maxDocumentSize=16777216, logicalSessionTimeoutMinutes=30, roundTripTimeNanos=161865756, minRoundTripTimeNanos=52690400, setName='atlas-owliu6-shard-0', canonicalAddress=ac-pz97bnf-shard-00-00.amvzdxx.mongodb.net:27017, hosts=[ac-pz97bnf-shard-00-01.amvzdxx.mongodb.net:27017, ac-pz97bnf-shard-00-02.amvzdxx.mongodb.net:27017, ac-pz97bnf-shard-00-00.amvzdxx.mongodb.net:27017], passives=[], arbiters=[], primary='null', tagSet=TagSet{[Tag{name='availabilityZone', value='aps1-az1'}, Tag{name='diskState', value='READY'}, Tag{name='nodeType', value='ELECTABLE'}, Tag{name='provider', value='AWS'}, Tag{name='region', value='AP_SOUTH_1'}, Tag{name='workloadType', value='OPERATIONAL'}]}, electionId=null, setVersion=1, topologyVersion=TopologyVersion{processId=68ef9b8c125da815c9969f06, counter=4}, lastWriteDate=Wed Oct 15 18:34:47 IST 2025, lastUpdateTimeNanos=1314213953784200}
18:34:48.951 [cluster-ClusterId{value='68ef9bad2d47ef72682d32ff', description='Cluster0'}-ac-pz97bnf-shard-00-01.amvzdxx.mongodb.net:27017] INFO  org.mongodb.driver.cluster - Monitor thread successfully connected to server with description ServerDescription{address=ac-pz97bnf-shard-00-01.amvzdxx.mongodb.net:27017, type=REPLICA_SET_PRIMARY, cryptd=false, state=CONNECTED, ok=true, minWireVersion=0, maxWireVersion=25, maxDocumentSize=16777216, logicalSessionTimeoutMinutes=30, roundTripTimeNanos=5017828208, minRoundTripTimeNanos=59739200, setName='atlas-owliu6-shard-0', canonicalAddress=ac-pz97bnf-shard-00-01.amvzdxx.mongodb.net:27017, hosts=[ac-pz97bnf-shard-00-01.amvzdxx.mongodb.net:27017, ac-pz97bnf-shard-00-02.amvzdxx.mongodb.net:27017, ac-pz97bnf-shard-00-00.amvzdxx.mongodb.net:27017], passives=[], arbiters=[], primary='ac-pz97bnf-shard-00-01.amvzdxx.mongodb.net:27017', tagSet=TagSet{[Tag{name='availabilityZone', value='aps1-az3'}, Tag{name='diskState', value='READY'}, Tag{name='nodeType', value='ELECTABLE'}, Tag{name='provider', value='AWS'}, Tag{name='region', value='AP_SOUTH_1'}, Tag{name='workloadType', value='OPERATIONAL'}]}, electionId=7fffffff0000000000000026, setVersion=1, topologyVersion=TopologyVersion{processId=68ef9bc7bfdde3174cb9c5bc, counter=6}, lastWriteDate=Wed Oct 15 18:34:48 IST 2025, lastUpdateTimeNanos=1314213967695900}
18:34:48.952 [cluster-ClusterId{value='68ef9bad2d47ef72682d32ff', description='Cluster0'}-ac-pz97bnf-shard-00-01.amvzdxx.mongodb.net:27017] INFO  org.mongodb.driver.cluster - Discovered replica set primary ac-pz97bnf-shard-00-01.amvzdxx.mongodb.net:27017 with max election id 7fffffff0000000000000026 and max set version 1
18:34:49.146 [cluster-ClusterId{value='68ef9bad2d47ef72682d32ff', description='Cluster0'}-ac-pz97bnf-shard-00-02.amvzdxx.mongodb.net:27017] INFO  org.mongodb.driver.cluster - Exception in monitor thread while connecting to server ac-pz97bnf-shard-00-02.amvzdxx.mongodb.net:27017
com.mongodb.MongoNodeIsRecoveringException: Command failed with error 91 (ShutdownInProgress): 'The server is in quiesce mode and will shut down' on server ac-pz97bnf-shard-00-02.amvzdxx.mongodb.net:27017. The full response is {"topologyVersion": {"processId": {"$oid": "68e516b918d00a463ec4da1e"}, "counter": 10}, "ok": 0.0, "errmsg": "The server is in quiesce mode and will shut down", "code": 91, "codeName": "ShutdownInProgress", "remainingQuiesceTimeMillis": 14999, "$clusterTime": {"clusterTime": {"$timestamp": {"t": 1760533488, "i": 2}}, "signature": {"hash": {"$binary": {"base64": "MBLIdQ/Rtvt+xFqh5r6XvDS5YHM=", "subType": "00"}}, "keyId": 7516903073986379778}}, "operationTime": {"$timestamp": {"t": 1760533488, "i": 2}}}
	at com.mongodb.internal.connection.ProtocolHelper.createSpecialException(ProtocolHelper.java:264)
	at com.mongodb.internal.connection.ProtocolHelper.getCommandFailureException(ProtocolHelper.java:206)
	at com.mongodb.internal.connection.InternalStreamConnection.receiveCommandMessageResponse(InternalStreamConnection.java:520)
	at com.mongodb.internal.connection.InternalStreamConnection.receive(InternalStreamConnection.java:469)
	at com.mongodb.internal.connection.DefaultServerMonitor$ServerMonitor.lookupServerDescription(DefaultServerMonitor.java:249)
	at com.mongodb.internal.connection.DefaultServerMonitor$ServerMonitor.run(DefaultServerMonitor.java:176)
18:34:59.038 [cluster-ClusterId{value='68ef9bad2d47ef72682d32ff', description='Cluster0'}-ac-pz97bnf-shard-00-00.amvzdxx.mongodb.net:27017] INFO  org.mongodb.driver.cluster - Monitor thread successfully connected to server with description ServerDescription{address=ac-pz97bnf-shard-00-00.amvzdxx.mongodb.net:27017, type=REPLICA_SET_SECONDARY, cryptd=false, state=CONNECTED, ok=true, minWireVersion=0, maxWireVersion=25, maxDocumentSize=16777216, logicalSessionTimeoutMinutes=30, roundTripTimeNanos=145832904, minRoundTripTimeNanos=52690400, setName='atlas-owliu6-shard-0', canonicalAddress=ac-pz97bnf-shard-00-00.amvzdxx.mongodb.net:27017, hosts=[ac-pz97bnf-shard-00-01.amvzdxx.mongodb.net:27017, ac-pz97bnf-shard-00-02.amvzdxx.mongodb.net:27017, ac-pz97bnf-shard-00-00.amvzdxx.mongodb.net:27017], passives=[], arbiters=[], primary='ac-pz97bnf-shard-00-01.amvzdxx.mongodb.net:27017', tagSet=TagSet{[Tag{name='availabilityZone', value='aps1-az1'}, Tag{name='diskState', value='READY'}, Tag{name='nodeType', value='ELECTABLE'}, Tag{name='provider', value='AWS'}, Tag{name='region', value='AP_SOUTH_1'}, Tag{name='workloadType', value='OPERATIONAL'}]}, electionId=null, setVersion=1, topologyVersion=TopologyVersion{processId=68ef9b8c125da815c9969f06, counter=4}, lastWriteDate=Wed Oct 15 18:34:58 IST 2025, lastUpdateTimeNanos=1314224054148600}
